<?xml version="1.0" encoding="UTF-8"?>
<!-- Generated by org.testng.reporters.JUnitXMLReporter -->
<testsuite hostname="Kawsars-MacBook-Pro-2.local" ignored="0" name="Error Validations Test" tests="3" failures="1" timestamp="17 Oct 2022 22:50:21 GMT" time="19.249" errors="0">
  <testcase name="LoginErrorValidation" time="0.714" classname="rahulshettyacademy.tests.ErrorValidationsTest">
    <skipped/>
  </testcase> <!-- LoginErrorValidation -->
  <testcase name="LoginErrorValidation" time="0.632" classname="rahulshettyacademy.tests.ErrorValidationsTest">
    <failure type="java.lang.AssertionError" message="expected [Login Successfully] but found [Incorrect email password.]">
      <![CDATA[java.lang.AssertionError: expected [Login Successfully] but found [Incorrect email password.]
at rahulshettyacademy.tests.ErrorValidationsTest.LoginErrorValidation(ErrorValidationsTest.java:32)
at java.util.concurrent.FutureTask.run(FutureTask.java:266)
at java.util.concurrent.ThreadPoolExecutor.runWorker(ThreadPoolExecutor.java:1149)
at java.util.concurrent.ThreadPoolExecutor$Worker.run(ThreadPoolExecutor.java:624)
at java.lang.Thread.run(Thread.java:748)
... Removed 22 stack frames]]>
    </failure>
  </testcase> <!-- LoginErrorValidation -->
  <testcase name="ProductErrorValidation" time="2.635" classname="rahulshettyacademy.tests.ErrorValidationsTest"/>
</testsuite> <!-- Error Validations Test -->
