<?xml version="1.0" encoding="UTF-8"?>
<testng-results skipped="1" failed="1" ignored="0" total="6" passed="4">
  <reporter-output>
  </reporter-output>
  <suite name="Suite" duration-ms="23079" started-at="2022-10-17T22:50:01Z" finished-at="2022-10-17T22:50:25Z">
    <groups>
      <group name="Purchase">
        <method signature="SubmitOrderTest.submitOrder(java.util.HashMap)[pri:0, instance:rahulshettyacademy.tests.SubmitOrderTest@759d26fb]" name="submitOrder" class="rahulshettyacademy.tests.SubmitOrderTest"/>
      </group> <!-- Purchase -->
      <group name="ErrorHandling">
        <method signature="ErrorValidationsTest.LoginErrorValidation()[pri:0, instance:rahulshettyacademy.tests.ErrorValidationsTest@7133da86]" name="LoginErrorValidation" class="rahulshettyacademy.tests.ErrorValidationsTest"/>
      </group> <!-- ErrorHandling -->
    </groups>
    <test name="Error Validations Test" duration-ms="19249" started-at="2022-10-17T22:50:01Z" finished-at="2022-10-17T22:50:21Z">
      <class name="rahulshettyacademy.tests.ErrorValidationsTest">
        <test-method status="PASS" signature="launchApplication()[pri:0, instance:rahulshettyacademy.tests.ErrorValidationsTest@7133da86]" name="launchApplication" is-config="true" duration-ms="6143" started-at="2022-10-17T22:50:01Z" finished-at="2022-10-17T22:50:08Z">
          <reporter-output>
          </reporter-output>
        </test-method> <!-- launchApplication -->
        <test-method status="SKIP" signature="LoginErrorValidation()[pri:0, instance:rahulshettyacademy.tests.ErrorValidationsTest@7133da86]" name="LoginErrorValidation" duration-ms="714" started-at="2022-10-17T22:50:08Z" finished-at="2022-10-17T22:50:08Z">
          <exception class="java.lang.AssertionError">
            <message>
              <![CDATA[expected [Login Successfully] but found [Incorrect email password.]]]>
            </message>
            <full-stacktrace>
              <![CDATA[java.lang.AssertionError: expected [Login Successfully] but found [Incorrect email password.]
at org.testng.Assert.fail(Assert.java:96)
at org.testng.Assert.failNotEquals(Assert.java:776)
at org.testng.Assert.assertEqualsImpl(Assert.java:137)
at org.testng.Assert.assertEquals(Assert.java:118)
at org.testng.Assert.assertEquals(Assert.java:453)
at org.testng.Assert.assertEquals(Assert.java:463)
at rahulshettyacademy.tests.ErrorValidationsTest.LoginErrorValidation(ErrorValidationsTest.java:32)
at sun.reflect.NativeMethodAccessorImpl.invoke0(Native Method)
at sun.reflect.NativeMethodAccessorImpl.invoke(NativeMethodAccessorImpl.java:62)
at sun.reflect.DelegatingMethodAccessorImpl.invoke(DelegatingMethodAccessorImpl.java:43)
at java.lang.reflect.Method.invoke(Method.java:498)
at org.testng.internal.MethodInvocationHelper.invokeMethod(MethodInvocationHelper.java:124)
at org.testng.internal.Invoker.invokeMethod(Invoker.java:583)
at org.testng.internal.Invoker.invokeTestMethod(Invoker.java:719)
at org.testng.internal.Invoker.invokeTestMethods(Invoker.java:989)
at org.testng.internal.TestMethodWorker.invokeTestMethods(TestMethodWorker.java:125)
at org.testng.internal.TestMethodWorker.run(TestMethodWorker.java:109)
at org.testng.TestRunner.privateRun(TestRunner.java:648)
at org.testng.TestRunner.run(TestRunner.java:505)
at org.testng.SuiteRunner.runTest(SuiteRunner.java:455)
at org.testng.SuiteRunner.access$000(SuiteRunner.java:40)
at org.testng.SuiteRunner$SuiteWorker.run(SuiteRunner.java:489)
at org.testng.internal.thread.ThreadUtil$1.call(ThreadUtil.java:52)
at java.util.concurrent.FutureTask.run(FutureTask.java:266)
at java.util.concurrent.ThreadPoolExecutor.runWorker(ThreadPoolExecutor.java:1149)
at java.util.concurrent.ThreadPoolExecutor$Worker.run(ThreadPoolExecutor.java:624)
at java.lang.Thread.run(Thread.java:748)
]]>
            </full-stacktrace>
          </exception> <!-- java.lang.AssertionError -->
          <reporter-output>
          </reporter-output>
        </test-method> <!-- LoginErrorValidation -->
        <test-method status="PASS" signature="tearown()[pri:0, instance:rahulshettyacademy.tests.ErrorValidationsTest@7133da86]" name="tearown" is-config="true" duration-ms="225" started-at="2022-10-17T22:50:08Z" finished-at="2022-10-17T22:50:09Z">
          <reporter-output>
          </reporter-output>
        </test-method> <!-- tearown -->
        <test-method status="PASS" signature="launchApplication()[pri:0, instance:rahulshettyacademy.tests.ErrorValidationsTest@7133da86]" name="launchApplication" is-config="true" duration-ms="4256" started-at="2022-10-17T22:50:09Z" finished-at="2022-10-17T22:50:13Z">
          <reporter-output>
          </reporter-output>
        </test-method> <!-- launchApplication -->
        <test-method status="FAIL" signature="LoginErrorValidation()[pri:0, instance:rahulshettyacademy.tests.ErrorValidationsTest@7133da86]" name="LoginErrorValidation" duration-ms="632" started-at="2022-10-17T22:50:13Z" finished-at="2022-10-17T22:50:13Z">
          <exception class="java.lang.AssertionError">
            <message>
              <![CDATA[expected [Login Successfully] but found [Incorrect email password.]]]>
            </message>
            <full-stacktrace>
              <![CDATA[java.lang.AssertionError: expected [Login Successfully] but found [Incorrect email password.]
at org.testng.Assert.fail(Assert.java:96)
at org.testng.Assert.failNotEquals(Assert.java:776)
at org.testng.Assert.assertEqualsImpl(Assert.java:137)
at org.testng.Assert.assertEquals(Assert.java:118)
at org.testng.Assert.assertEquals(Assert.java:453)
at org.testng.Assert.assertEquals(Assert.java:463)
at rahulshettyacademy.tests.ErrorValidationsTest.LoginErrorValidation(ErrorValidationsTest.java:32)
at sun.reflect.NativeMethodAccessorImpl.invoke0(Native Method)
at sun.reflect.NativeMethodAccessorImpl.invoke(NativeMethodAccessorImpl.java:62)
at sun.reflect.DelegatingMethodAccessorImpl.invoke(DelegatingMethodAccessorImpl.java:43)
at java.lang.reflect.Method.invoke(Method.java:498)
at org.testng.internal.MethodInvocationHelper.invokeMethod(MethodInvocationHelper.java:124)
at org.testng.internal.Invoker.invokeMethod(Invoker.java:583)
at org.testng.internal.Invoker.retryFailed(Invoker.java:839)
at org.testng.internal.Invoker.invokeTestMethods(Invoker.java:1010)
at org.testng.internal.TestMethodWorker.invokeTestMethods(TestMethodWorker.java:125)
at org.testng.internal.TestMethodWorker.run(TestMethodWorker.java:109)
at org.testng.TestRunner.privateRun(TestRunner.java:648)
at org.testng.TestRunner.run(TestRunner.java:505)
at org.testng.SuiteRunner.runTest(SuiteRunner.java:455)
at org.testng.SuiteRunner.access$000(SuiteRunner.java:40)
at org.testng.SuiteRunner$SuiteWorker.run(SuiteRunner.java:489)
at org.testng.internal.thread.ThreadUtil$1.call(ThreadUtil.java:52)
at java.util.concurrent.FutureTask.run(FutureTask.java:266)
at java.util.concurrent.ThreadPoolExecutor.runWorker(ThreadPoolExecutor.java:1149)
at java.util.concurrent.ThreadPoolExecutor$Worker.run(ThreadPoolExecutor.java:624)
at java.lang.Thread.run(Thread.java:748)
]]>
            </full-stacktrace>
          </exception> <!-- java.lang.AssertionError -->
          <reporter-output>
          </reporter-output>
        </test-method> <!-- LoginErrorValidation -->
        <test-method status="PASS" signature="tearown()[pri:0, instance:rahulshettyacademy.tests.ErrorValidationsTest@7133da86]" name="tearown" is-config="true" duration-ms="207" started-at="2022-10-17T22:50:14Z" finished-at="2022-10-17T22:50:14Z">
          <reporter-output>
          </reporter-output>
        </test-method> <!-- tearown -->
        <test-method status="PASS" signature="launchApplication()[pri:0, instance:rahulshettyacademy.tests.ErrorValidationsTest@7133da86]" name="launchApplication" is-config="true" duration-ms="3491" started-at="2022-10-17T22:50:14Z" finished-at="2022-10-17T22:50:18Z">
          <reporter-output>
          </reporter-output>
        </test-method> <!-- launchApplication -->
        <test-method status="PASS" signature="ProductErrorValidation()[pri:0, instance:rahulshettyacademy.tests.ErrorValidationsTest@7133da86]" name="ProductErrorValidation" duration-ms="2635" started-at="2022-10-17T22:50:18Z" finished-at="2022-10-17T22:50:20Z">
          <reporter-output>
          </reporter-output>
        </test-method> <!-- ProductErrorValidation -->
        <test-method status="PASS" signature="tearown()[pri:0, instance:rahulshettyacademy.tests.ErrorValidationsTest@7133da86]" name="tearown" is-config="true" duration-ms="208" started-at="2022-10-17T22:50:20Z" finished-at="2022-10-17T22:50:21Z">
          <reporter-output>
          </reporter-output>
        </test-method> <!-- tearown -->
      </class> <!-- rahulshettyacademy.tests.ErrorValidationsTest -->
    </test> <!-- Error Validations Test -->
    <test name="Submit Order Test" duration-ms="23079" started-at="2022-10-17T22:50:01Z" finished-at="2022-10-17T22:50:25Z">
      <class name="rahulshettyacademy.tests.SubmitOrderTest">
        <test-method status="PASS" signature="launchApplication()[pri:0, instance:rahulshettyacademy.tests.SubmitOrderTest@759d26fb]" name="launchApplication" is-config="true" duration-ms="6277" started-at="2022-10-17T22:50:01Z" finished-at="2022-10-17T22:50:08Z">
          <reporter-output>
          </reporter-output>
        </test-method> <!-- launchApplication -->
        <test-method status="PASS" signature="submitOrder(java.util.HashMap)[pri:0, instance:rahulshettyacademy.tests.SubmitOrderTest@759d26fb]" name="submitOrder" duration-ms="3665" started-at="2022-10-17T22:50:08Z" data-provider="getData" finished-at="2022-10-17T22:50:11Z">
          <params>
            <param index="0">
              <value>
                <![CDATA[{password=Ps34life, product=ZARA COAT 3, email=johndoe4213@gmail.com}]]>
              </value>
            </param>
          </params>
          <reporter-output>
          </reporter-output>
        </test-method> <!-- submitOrder -->
        <test-method status="PASS" signature="tearown()[pri:0, instance:rahulshettyacademy.tests.SubmitOrderTest@759d26fb]" name="tearown" is-config="true" duration-ms="176" started-at="2022-10-17T22:50:11Z" finished-at="2022-10-17T22:50:12Z">
          <reporter-output>
          </reporter-output>
        </test-method> <!-- tearown -->
        <test-method status="PASS" signature="launchApplication()[pri:0, instance:rahulshettyacademy.tests.SubmitOrderTest@759d26fb]" name="launchApplication" is-config="true" duration-ms="3865" started-at="2022-10-17T22:50:12Z" finished-at="2022-10-17T22:50:15Z">
          <reporter-output>
          </reporter-output>
        </test-method> <!-- launchApplication -->
        <test-method status="PASS" signature="submitOrder(java.util.HashMap)[pri:0, instance:rahulshettyacademy.tests.SubmitOrderTest@759d26fb]" name="submitOrder" duration-ms="3619" started-at="2022-10-17T22:50:15Z" data-provider="getData" finished-at="2022-10-17T22:50:19Z">
          <params>
            <param index="0">
              <value>
                <![CDATA[{password=Ps34life, product=ADIDAS ORIGINAL, email=dipu4213@gmail.com}]]>
              </value>
            </param>
          </params>
          <reporter-output>
          </reporter-output>
        </test-method> <!-- submitOrder -->
        <test-method status="PASS" signature="tearown()[pri:0, instance:rahulshettyacademy.tests.SubmitOrderTest@759d26fb]" name="tearown" is-config="true" duration-ms="153" started-at="2022-10-17T22:50:19Z" finished-at="2022-10-17T22:50:19Z">
          <reporter-output>
          </reporter-output>
        </test-method> <!-- tearown -->
        <test-method status="PASS" signature="launchApplication()[pri:0, instance:rahulshettyacademy.tests.SubmitOrderTest@759d26fb]" name="launchApplication" is-config="true" duration-ms="4206" started-at="2022-10-17T22:50:19Z" finished-at="2022-10-17T22:50:23Z">
          <reporter-output>
          </reporter-output>
        </test-method> <!-- launchApplication -->
        <test-method status="PASS" signature="OrderHistoryTest()[pri:0, instance:rahulshettyacademy.tests.SubmitOrderTest@759d26fb]" name="OrderHistoryTest" duration-ms="863" started-at="2022-10-17T22:50:23Z" depends-on-methods="rahulshettyacademy.tests.SubmitOrderTest.submitOrder" finished-at="2022-10-17T22:50:24Z">
          <reporter-output>
          </reporter-output>
        </test-method> <!-- OrderHistoryTest -->
        <test-method status="PASS" signature="tearown()[pri:0, instance:rahulshettyacademy.tests.SubmitOrderTest@759d26fb]" name="tearown" is-config="true" duration-ms="230" started-at="2022-10-17T22:50:24Z" finished-at="2022-10-17T22:50:25Z">
          <reporter-output>
          </reporter-output>
        </test-method> <!-- tearown -->
      </class> <!-- rahulshettyacademy.tests.SubmitOrderTest -->
    </test> <!-- Submit Order Test -->
  </suite> <!-- Suite -->
</testng-results>
